checking
checking
checking
checking
checking
checking
checking
Traceback (most recent call last):
  File "checkWebpage.py", line 44, in <module>
    s.run()
  File "/System/Library/Frameworks/Python.framework/Versions/2.7/lib/python2.7/sched.py", line 117, in run
    action(*argument)
  File "checkWebpage.py", line 40, in do_something
    checkForChange()
  File "checkWebpage.py", line 31, in checkForChange
    response = urllib2.urlopen(request) # Make the request
  File "/System/Library/Frameworks/Python.framework/Versions/2.7/lib/python2.7/urllib2.py", line 154, in urlopen
    return opener.open(url, data, timeout)
  File "/System/Library/Frameworks/Python.framework/Versions/2.7/lib/python2.7/urllib2.py", line 431, in open
    response = self._open(req, data)
  File "/System/Library/Frameworks/Python.framework/Versions/2.7/lib/python2.7/urllib2.py", line 449, in _open
    '_open', req)
  File "/System/Library/Frameworks/Python.framework/Versions/2.7/lib/python2.7/urllib2.py", line 409, in _call_chain
    result = func(*args)
  File "/System/Library/Frameworks/Python.framework/Versions/2.7/lib/python2.7/urllib2.py", line 1227, in http_open
    return self.do_open(httplib.HTTPConnection, req)
  File "/System/Library/Frameworks/Python.framework/Versions/2.7/lib/python2.7/urllib2.py", line 1197, in do_open
    raise URLError(err)
urllib2.URLError: <urlopen error [Errno 8] nodename nor servname provided, or not known>
